Symlinking /home/pev/Documents/Roborregos/Home/EIR-2020-AtHomeEducation-Testing/catkin_ws/devel/include/intercom/response.h
Symlinking /home/pev/Documents/Roborregos/Home/EIR-2020-AtHomeEducation-Testing/catkin_ws/devel/include/intercom/action_selector_cmd.h
Symlinking /home/pev/Documents/Roborregos/Home/EIR-2020-AtHomeEducation-Testing/catkin_ws/devel/lib/pkgconfig/intercom.pc
Symlinking /home/pev/Documents/Roborregos/Home/EIR-2020-AtHomeEducation-Testing/catkin_ws/devel/lib/python2.7/dist-packages/intercom/__init__.py
Symlinking /home/pev/Documents/Roborregos/Home/EIR-2020-AtHomeEducation-Testing/catkin_ws/devel/lib/python2.7/dist-packages/intercom/msg/_response.py
Symlinking /home/pev/Documents/Roborregos/Home/EIR-2020-AtHomeEducation-Testing/catkin_ws/devel/lib/python2.7/dist-packages/intercom/msg/_action_selector_cmd.py
Symlinking /home/pev/Documents/Roborregos/Home/EIR-2020-AtHomeEducation-Testing/catkin_ws/devel/lib/python2.7/dist-packages/intercom/msg/__init__.py
Symlinking /home/pev/Documents/Roborregos/Home/EIR-2020-AtHomeEducation-Testing/catkin_ws/devel/share/gennodejs/ros/intercom/_index.js
Symlinking /home/pev/Documents/Roborregos/Home/EIR-2020-AtHomeEducation-Testing/catkin_ws/devel/share/gennodejs/ros/intercom/msg/response.js
Symlinking /home/pev/Documents/Roborregos/Home/EIR-2020-AtHomeEducation-Testing/catkin_ws/devel/share/gennodejs/ros/intercom/msg/action_selector_cmd.js
Symlinking /home/pev/Documents/Roborregos/Home/EIR-2020-AtHomeEducation-Testing/catkin_ws/devel/share/gennodejs/ros/intercom/msg/_index.js
Symlinking /home/pev/Documents/Roborregos/Home/EIR-2020-AtHomeEducation-Testing/catkin_ws/devel/share/common-lisp/ros/intercom/msg/_package_action_selector_cmd.lisp
Symlinking /home/pev/Documents/Roborregos/Home/EIR-2020-AtHomeEducation-Testing/catkin_ws/devel/share/common-lisp/ros/intercom/msg/action_selector_cmd.lisp
Symlinking /home/pev/Documents/Roborregos/Home/EIR-2020-AtHomeEducation-Testing/catkin_ws/devel/share/common-lisp/ros/intercom/msg/_package.lisp
Symlinking /home/pev/Documents/Roborregos/Home/EIR-2020-AtHomeEducation-Testing/catkin_ws/devel/share/common-lisp/ros/intercom/msg/_package_response.lisp
Symlinking /home/pev/Documents/Roborregos/Home/EIR-2020-AtHomeEducation-Testing/catkin_ws/devel/share/common-lisp/ros/intercom/msg/response.lisp
Symlinking /home/pev/Documents/Roborregos/Home/EIR-2020-AtHomeEducation-Testing/catkin_ws/devel/share/common-lisp/ros/intercom/msg/intercom-msg.asd
Symlinking /home/pev/Documents/Roborregos/Home/EIR-2020-AtHomeEducation-Testing/catkin_ws/devel/share/intercom/cmake/intercom-msg-extras.cmake
Symlinking /home/pev/Documents/Roborregos/Home/EIR-2020-AtHomeEducation-Testing/catkin_ws/devel/share/intercom/cmake/intercom-msg-paths.cmake
Symlinking /home/pev/Documents/Roborregos/Home/EIR-2020-AtHomeEducation-Testing/catkin_ws/devel/share/intercom/cmake/intercomConfig.cmake
Symlinking /home/pev/Documents/Roborregos/Home/EIR-2020-AtHomeEducation-Testing/catkin_ws/devel/share/intercom/cmake/intercomConfig-version.cmake
Symlinking /home/pev/Documents/Roborregos/Home/EIR-2020-AtHomeEducation-Testing/catkin_ws/devel/share/roseus/ros/intercom/manifest.l
Symlinking /home/pev/Documents/Roborregos/Home/EIR-2020-AtHomeEducation-Testing/catkin_ws/devel/share/roseus/ros/intercom/msg/action_selector_cmd.l
Symlinking /home/pev/Documents/Roborregos/Home/EIR-2020-AtHomeEducation-Testing/catkin_ws/devel/share/roseus/ros/intercom/msg/response.l
